trainA images = 138
Generator(
  (en1): Sequential(
    (0): Conv2d(3, 64, kernel_size=(4, 4), stride=(2, 2), padding=(1, 1))
    (1): LeakyReLU(negative_slope=0.2, inplace=True)
  )
  (en2): Sequential(
    (0): Conv2d(64, 128, kernel_size=(4, 4), stride=(2, 2), padding=(1, 1))
    (1): BatchNorm2d(128, eps=1e-05, momentum=0.1, affine=True, track_running_stats=True)
    (2): LeakyReLU(negative_slope=0.2, inplace=True)
  )
  (en3): Sequential(
    (0): Conv2d(128, 256, kernel_size=(4, 4), stride=(2, 2), padding=(1, 1))
    (1): BatchNorm2d(256, eps=1e-05, momentum=0.1, affine=True, track_running_stats=True)
    (2): LeakyReLU(negative_slope=0.2, inplace=True)
  )
  (en4): Sequential(
    (0): Conv2d(256, 512, kernel_size=(4, 4), stride=(2, 2), padding=(1, 1))
    (1): BatchNorm2d(512, eps=1e-05, momentum=0.1, affine=True, track_running_stats=True)
    (2): LeakyReLU(negative_slope=0.2, inplace=True)
  )
  (en5): Sequential(
    (0): Conv2d(512, 512, kernel_size=(4, 4), stride=(2, 2), padding=(1, 1))
    (1): BatchNorm2d(512, eps=1e-05, momentum=0.1, affine=True, track_running_stats=True)
    (2): LeakyReLU(negative_slope=0.2, inplace=True)
  )
  (en6): Sequential(
    (0): Conv2d(512, 512, kernel_size=(4, 4), stride=(2, 2), padding=(1, 1))
    (1): BatchNorm2d(512, eps=1e-05, momentum=0.1, affine=True, track_running_stats=True)
    (2): LeakyReLU(negative_slope=0.2, inplace=True)
  )
  (en7): Sequential(
    (0): Conv2d(512, 512, kernel_size=(4, 4), stride=(2, 2), padding=(1, 1))
    (1): BatchNorm2d(512, eps=1e-05, momentum=0.1, affine=True, track_running_stats=True)
    (2): LeakyReLU(negative_slope=0.2, inplace=True)
  )
  (en8): Sequential(
    (0): Conv2d(512, 512, kernel_size=(4, 4), stride=(2, 2), padding=(1, 1))
    (1): ReLU(inplace=True)
  )
  (de1): Sequential(
    (0): ConvTranspose2d(512, 512, kernel_size=(4, 4), stride=(2, 2), padding=(1, 1))
    (1): BatchNorm2d(512, eps=1e-05, momentum=0.1, affine=True, track_running_stats=True)
    (2): ReLU(inplace=True)
  )
  (de2): Sequential(
    (0): ConvTranspose2d(1024, 512, kernel_size=(4, 4), stride=(2, 2), padding=(1, 1))
    (1): BatchNorm2d(512, eps=1e-05, momentum=0.1, affine=True, track_running_stats=True)
    (2): Dropout(p=0.5, inplace=False)
    (3): ReLU(inplace=True)
  )
  (de3): Sequential(
    (0): ConvTranspose2d(1024, 512, kernel_size=(4, 4), stride=(2, 2), padding=(1, 1))
    (1): BatchNorm2d(512, eps=1e-05, momentum=0.1, affine=True, track_running_stats=True)
    (2): Dropout(p=0.5, inplace=False)
    (3): ReLU(inplace=True)
  )
  (de4): Sequential(
    (0): ConvTranspose2d(1024, 512, kernel_size=(4, 4), stride=(2, 2), padding=(1, 1))
    (1): BatchNorm2d(512, eps=1e-05, momentum=0.1, affine=True, track_running_stats=True)
    (2): Dropout(p=0.5, inplace=False)
    (3): ReLU(inplace=True)
  )
  (de5): Sequential(
    (0): ConvTranspose2d(1024, 256, kernel_size=(4, 4), stride=(2, 2), padding=(1, 1))
    (1): BatchNorm2d(256, eps=1e-05, momentum=0.1, affine=True, track_running_stats=True)
    (2): ReLU(inplace=True)
  )
  (de6): Sequential(
    (0): ConvTranspose2d(512, 128, kernel_size=(4, 4), stride=(2, 2), padding=(1, 1))
    (1): BatchNorm2d(128, eps=1e-05, momentum=0.1, affine=True, track_running_stats=True)
    (2): ReLU(inplace=True)
  )
  (de7): Sequential(
    (0): ConvTranspose2d(256, 64, kernel_size=(4, 4), stride=(2, 2), padding=(1, 1))
    (1): BatchNorm2d(64, eps=1e-05, momentum=0.1, affine=True, track_running_stats=True)
    (2): ReLU(inplace=True)
  )
  (de8): Sequential(
    (0): ConvTranspose2d(128, 3, kernel_size=(4, 4), stride=(2, 2), padding=(1, 1))
    (1): Tanh()
  )
)
Discriminator(
  (cov1): Sequential(
    (0): Conv2d(6, 64, kernel_size=(4, 4), stride=(2, 2), padding=(1, 1))
    (1): LeakyReLU(negative_slope=0.2, inplace=True)
  )
  (cov2): Sequential(
    (0): Conv2d(64, 128, kernel_size=(4, 4), stride=(2, 2), padding=(1, 1))
    (1): BatchNorm2d(128, eps=1e-05, momentum=0.1, affine=True, track_running_stats=True)
    (2): LeakyReLU(negative_slope=0.2, inplace=True)
  )
  (cov3): Sequential(
    (0): Conv2d(128, 256, kernel_size=(4, 4), stride=(2, 2), padding=(1, 1))
    (1): BatchNorm2d(256, eps=1e-05, momentum=0.1, affine=True, track_running_stats=True)
    (2): LeakyReLU(negative_slope=0.2, inplace=True)
  )
  (cov4): Sequential(
    (0): Conv2d(256, 512, kernel_size=(4, 4), stride=(1, 1), padding=(1, 1))
    (1): BatchNorm2d(512, eps=1e-05, momentum=0.1, affine=True, track_running_stats=True)
    (2): LeakyReLU(negative_slope=0.2, inplace=True)
  )
  (cov5): Sequential(
    (0): Conv2d(512, 1, kernel_size=(4, 4), stride=(1, 1), padding=(1, 1))
    (1): Sigmoid()
  )
)
[1/600][0/138] LOSS_D: 0.8025 LOSS_G: 89.4969 LOSS_L1: 88.3960
LOSS_real: 0.9251 LOSS_fake: 0.6798
[1/600][100/138] LOSS_D: 0.5155 LOSS_G: 13.6014 LOSS_L1: 12.5937
LOSS_real: 0.4463 LOSS_fake: 0.5847
Time Taken: 19 sec
[2/600][0/138] LOSS_D: 0.4831 LOSS_G: 15.4264 LOSS_L1: 13.6494
LOSS_real: 0.2492 LOSS_fake: 0.7171
[2/600][100/138] LOSS_D: 0.3075 LOSS_G: 13.1080 LOSS_L1: 11.3885
LOSS_real: 0.3217 LOSS_fake: 0.2932
Time Taken: 19 sec
[3/600][0/138] LOSS_D: 0.5756 LOSS_G: 11.7669 LOSS_L1: 10.1368
LOSS_real: 0.2270 LOSS_fake: 0.9243
[3/600][100/138] LOSS_D: 0.7062 LOSS_G: 9.1866 LOSS_L1: 8.5100
LOSS_real: 1.3336 LOSS_fake: 0.0788
Time Taken: 19 sec
[4/600][0/138] LOSS_D: 0.3265 LOSS_G: 9.6774 LOSS_L1: 8.5240
LOSS_real: 0.4307 LOSS_fake: 0.2224
[4/600][100/138] LOSS_D: 0.5847 LOSS_G: 7.2784 LOSS_L1: 6.0758
LOSS_real: 0.9642 LOSS_fake: 0.2053
Time Taken: 19 sec
